d:\driver\minifilter\mysample\mysample1\x64\debug\vc142.pdb
d:\driver\minifilter\mysample\mysample1\x64\debug\registration.obj
d:\driver\minifilter\mysample\mysample1\x64\debug\miniflt.obj
d:\driver\minifilter\mysample\mysample1\x64\debug\main.obj
d:\driver\minifilter\mysample\mysample1\x64\debug\callbacks.obj
d:\driver\minifilter\mysample\mysample1\x64\debug\mysample1\mysample1.cat
d:\driver\minifilter\mysample\mysample1\x64\debug\mysample1.sys
d:\driver\minifilter\mysample\mysample1\x64\debug\mysample1.pdb
d:\driver\minifilter\mysample\mysample1\x64\debug\mysample1.inf
d:\driver\minifilter\mysample\mysample1\x64\debug\mysample1.cer
d:\driver\minifilter\mysample\mysample1\x64\debug\mysample1.tlog\cl.command.1.tlog
d:\driver\minifilter\mysample\mysample1\x64\debug\mysample1.tlog\cl.read.1.tlog
d:\driver\minifilter\mysample\mysample1\x64\debug\mysample1.tlog\cl.write.1.tlog
d:\driver\minifilter\mysample\mysample1\x64\debug\mysample1.tlog\inf2cat-expand.5916.read.1.tlog
d:\driver\minifilter\mysample\mysample1\x64\debug\mysample1.tlog\inf2cat-expand.5916.write.1.tlog
d:\driver\minifilter\mysample\mysample1\x64\debug\mysample1.tlog\inf2cat-expand.read.1.tlog
d:\driver\minifilter\mysample\mysample1\x64\debug\mysample1.tlog\inf2cat-expand.write.1.tlog
d:\driver\minifilter\mysample\mysample1\x64\debug\mysample1.tlog\inf2cat.command.1.tlog
d:\driver\minifilter\mysample\mysample1\x64\debug\mysample1.tlog\inf2cat.read.1.tlog
d:\driver\minifilter\mysample\mysample1\x64\debug\mysample1.tlog\inf2cat.write.1.tlog
d:\driver\minifilter\mysample\mysample1\x64\debug\mysample1.tlog\link.command.1.tlog
d:\driver\minifilter\mysample\mysample1\x64\debug\mysample1.tlog\link.read.1.tlog
d:\driver\minifilter\mysample\mysample1\x64\debug\mysample1.tlog\link.write.1.tlog
d:\driver\minifilter\mysample\mysample1\x64\debug\mysample1.tlog\signtool.command.1.tlog
d:\driver\minifilter\mysample\mysample1\x64\debug\mysample1.tlog\signtool.read.1.tlog
d:\driver\minifilter\mysample\mysample1\x64\debug\mysample1.tlog\signtool.timestamp.1.tlog
d:\driver\minifilter\mysample\mysample1\x64\debug\mysample1.tlog\signtool.write.1.tlog
d:\driver\minifilter\mysample\mysample1\x64\debug\mysample1.tlog\stampinf.command.1.tlog
d:\driver\minifilter\mysample\mysample1\x64\debug\mysample1.tlog\stampinf.read.1.tlog
d:\driver\minifilter\mysample\mysample1\x64\debug\mysample1.tlog\stampinf.write.1.tlog
